<?xml version="1.0" encoding="UTF-8"?>
<!-- Generated by org.testng.reporters.JUnitReportReporter -->
<testsuite hostname="hp" failures="0" tests="3" name="test.AddToCartTest" time="4.754" errors="0" timestamp="2023-05-13T19:08:55 IST" skipped="0">
  <testcase classname="test.AddToCartTest" name="SelectItem" time="4.540"/>
  <system-out/>
  <testcase classname="test.AddToCartTest" name="VerifyAddtoCart" time="0.084"/>
  <system-out/>
  <testcase classname="test.AddToCartTest" name="SearchOnCartPage" time="0.130"/>
  <system-out/>
</testsuite> <!-- test.AddToCartTest -->
