<?xml version="1.0" encoding="UTF-8"?>
<!-- Generated by org.testng.reporters.JUnitReportReporter -->
<testsuite hostname="hp" failures="0" tests="3" name="test.BeerTest" time="2.241" errors="0" timestamp="2023-05-13T19:08:55 IST" skipped="0">
  <testcase classname="test.BeerTest" name="BeerSearchTest" time="1.524"/>
  <system-out/>
  <testcase classname="test.BeerTest" name="ApplyTest" time="0.620"/>
  <system-out/>
  <testcase classname="test.BeerTest" name="MainSearch" time="0.097"/>
  <system-out/>
</testsuite> <!-- test.BeerTest -->
