<?xml version="1.0" encoding="UTF-8"?>
<!-- Generated by org.testng.reporters.JUnitReportReporter -->
<testsuite hostname="hp" failures="0" tests="3" name="test.SearchTest" time="3.551" errors="0" timestamp="2023-12-23T23:52:53 IST" skipped="0">
  <testcase classname="test.SearchTest" name="verifyTitle" time="0.045"/>
  <system-out/>
  <testcase classname="test.SearchTest" name="searchProducts" time="1.468"/>
  <system-out/>
  <testcase classname="test.SearchTest" name="valiidateSearchResults" time="2.038"/>
  <system-out/>
</testsuite> <!-- test.SearchTest -->
